j:\resource_project\learn\xyz\applesfalko\gameapplesfalko\applesgame\x64\debug\vc143.pdb
j:\resource_project\learn\xyz\applesfalko\gameapplesfalko\applesgame\x64\debug\vc143.idb
j:\resource_project\learn\xyz\applesfalko\gameapplesfalko\applesgame\x64\debug\ui.obj
j:\resource_project\learn\xyz\applesfalko\gameapplesfalko\applesgame\x64\debug\sound.obj
j:\resource_project\learn\xyz\applesfalko\gameapplesfalko\applesgame\x64\debug\rock.obj
j:\resource_project\learn\xyz\applesfalko\gameapplesfalko\applesgame\x64\debug\player.obj
j:\resource_project\learn\xyz\applesfalko\gameapplesfalko\applesgame\x64\debug\math.obj
j:\resource_project\learn\xyz\applesfalko\gameapplesfalko\applesgame\x64\debug\inputhandlers.obj
j:\resource_project\learn\xyz\applesfalko\gameapplesfalko\applesgame\x64\debug\gamemain.obj
j:\resource_project\learn\xyz\applesfalko\gameapplesfalko\applesgame\x64\debug\game.obj
j:\resource_project\learn\xyz\applesfalko\gameapplesfalko\applesgame\x64\debug\apple.obj
j:\resource_project\learn\xyz\applesfalko\gameapplesfalko\applesgame\x64\debug\applesgame.exe
j:\resource_project\learn\xyz\applesfalko\gameapplesfalko\applesgame\x64\debug\applesgame.pdb
j:\resource_project\learn\xyz\applesfalko\gameapplesfalko\applesgame\x64\debug\applesgame.ilk
j:\resource_project\learn\xyz\applesfalko\gameapplesfalko\applesgame\x64\debug\gamemain.obj.enc
j:\resource_project\learn\xyz\applesfalko\gameapplesfalko\applesgame\\x64\debug\applesgame.pdb
j:\resource_project\learn\xyz\applesfalko\gameapplesfalko\applesgame\\x64\debug\applesgame.ilk
j:\resource_project\learn\xyz\applesfalko\gameapplesfalko\applesgame\\x64\debug\applesgame.vcxproj.filelistabsolute.txt
j:\resource_project\learn\xyz\applesfalko\gameapplesfalko\applesgame\x64\debug\applesgame.tlog\cl.command.1.tlog
j:\resource_project\learn\xyz\applesfalko\gameapplesfalko\applesgame\x64\debug\applesgame.tlog\cl.items.tlog
j:\resource_project\learn\xyz\applesfalko\gameapplesfalko\applesgame\x64\debug\applesgame.tlog\cl.read.1.tlog
j:\resource_project\learn\xyz\applesfalko\gameapplesfalko\applesgame\x64\debug\applesgame.tlog\cl.write.1.tlog
j:\resource_project\learn\xyz\applesfalko\gameapplesfalko\applesgame\x64\debug\applesgame.tlog\link.command.1.tlog
j:\resource_project\learn\xyz\applesfalko\gameapplesfalko\applesgame\x64\debug\applesgame.tlog\link.read.1.tlog
j:\resource_project\learn\xyz\applesfalko\gameapplesfalko\applesgame\x64\debug\applesgame.tlog\link.secondary.1.tlog
j:\resource_project\learn\xyz\applesfalko\gameapplesfalko\applesgame\x64\debug\applesgame.tlog\link.write.1.tlog
